d:\testground\tapengine\platform\win\tapcore\tapcore\debug\tapcore.pch
d:\testground\tapengine\platform\win\tapcore\tapcore\debug\tapcore.pdb
d:\testground\tapengine\platform\win\tapcore\tapcore\debug\tapcore.idb
d:\testground\tapengine\platform\win\tapcore\tapcore\debug\boxshape.obj
d:\testground\tapengine\platform\win\tapcore\tapcore\debug\collisionsolver.obj
d:\testground\tapengine\platform\win\tapcore\tapcore\debug\integration.obj
d:\testground\tapengine\platform\win\tapcore\tapcore\debug\rigidbody.obj
d:\testground\tapengine\platform\win\tapcore\tapcore\debug\shape.obj
d:\testground\tapengine\platform\win\tapcore\tapcore\debug\sphereshape.obj
d:\testground\tapengine\platform\win\tapcore\tapcore\debug\stdafx.obj
d:\testground\tapengine\platform\win\tapcore\tapcore\debug\tapbodymanager.obj
d:\testground\tapengine\platform\win\tapcore\tapcore\debug\tapcore.obj
d:\testground\tapengine\platform\win\tapcore\tapcore\debug\tapscene.obj
d:\testground\tapengine\platform\win\tapcore\tapcore\debug\transform.obj
d:\testground\tapengine\platform\win\tapcore\debug\tapcore.lib
d:\testground\tapengine\platform\win\tapcore\debug\tapcore.pdb
d:\testground\tapengine\platform\win\tapcore\tapcore\debug\tapcore.tlog\cl.command.1.tlog
d:\testground\tapengine\platform\win\tapcore\tapcore\debug\tapcore.tlog\cl.read.1.tlog
d:\testground\tapengine\platform\win\tapcore\tapcore\debug\tapcore.tlog\cl.write.1.tlog
d:\testground\tapengine\platform\win\tapcore\tapcore\debug\tapcore.tlog\lib-link.write.1.tlog
d:\testground\tapengine\platform\win\tapcore\tapcore\debug\tapcore.tlog\lib.command.1.tlog
d:\testground\tapengine\platform\win\tapcore\tapcore\debug\tapcore.tlog\lib.read.1.tlog
